[GIN-debug] [WARNING] Creating an Engine instance with the Logger and Recovery middleware already attached.

[GIN-debug] [WARNING] Running in "debug" mode. Switch to "release" mode in production.
 - using env:	export GIN_MODE=release
 - using code:	gin.SetMode(gin.ReleaseMode)

[GIN-debug] GET    /api/v1/ping              --> eastwh/internal/apiserver.(*server).configureRouter.func1 (5 handlers)
[GIN-debug] POST   /api/v1/user/logout/      --> eastwh/internal/apiserver.(*server).Logout-fm (5 handlers)
[GIN-debug] PUT    /api/v1/user/update/      --> eastwh/internal/apiserver.(*server).UpdateUser-fm (5 handlers)
[GIN-debug] POST   /api/v1/user/update/password/ --> eastwh/internal/apiserver.(*server).UpdatePassword-fm (5 handlers)
[GIN-debug] POST   /api/v1/user/block/       --> eastwh/internal/apiserver.(*server).BlockedUser-fm (5 handlers)
[GIN-debug] GET    /api/v1/user/profile/     --> eastwh/internal/apiserver.(*server).GetUserProfile-fm (5 handlers)
[GIN-debug] POST   /api/v1/user/projects     --> eastwh/internal/apiserver.(*server).AddUserProjects-fm (5 handlers)
[GIN-debug] GET    /api/v1/user/projects     --> eastwh/internal/apiserver.(*server).GetUserProjects-fm (5 handlers)
[GIN-debug] GET    /api/v1/user/projects/user/ --> eastwh/internal/apiserver.(*server).GetUserProjectsByUserId-fm (5 handlers)
[GIN-debug] GET    /api/v1/user/projects/project/ --> eastwh/internal/apiserver.(*server).GetUserProjectsByProjectId-fm (5 handlers)
[GIN-debug] GET    /api/v1/user/project/     --> eastwh/internal/apiserver.(*server).GetUserProjectById-fm (5 handlers)
[GIN-debug] PUT    /api/v1/user/project/     --> eastwh/internal/apiserver.(*server).UpdateUserProject-fm (5 handlers)
[GIN-debug] DELETE /api/v1/user/project/     --> eastwh/internal/apiserver.(*server).DeleteUserProject-fm (5 handlers)
[GIN-debug] POST   /api/v1/user/roles        --> eastwh/internal/apiserver.(*server).AddUserRoles-fm (5 handlers)
[GIN-debug] GET    /api/v1/user/roles        --> eastwh/internal/apiserver.(*server).GetUserRoles-fm (5 handlers)
[GIN-debug] GET    /api/v1/user/roles/user/  --> eastwh/internal/apiserver.(*server).GetUserRolesByUserId-fm (5 handlers)
[GIN-debug] GET    /api/v1/user/roles/role/  --> eastwh/internal/apiserver.(*server).GetUserRolesByRoleId-fm (5 handlers)
[GIN-debug] GET    /api/v1/user/role/        --> eastwh/internal/apiserver.(*server).GetUserRoleById-fm (5 handlers)
[GIN-debug] PUT    /api/v1/user/role/        --> eastwh/internal/apiserver.(*server).UpdateUserRole-fm (5 handlers)
[GIN-debug] DELETE /api/v1/user/role/        --> eastwh/internal/apiserver.(*server).DeleteUserRole-fm (5 handlers)
[GIN-debug] POST   /api/v1/user/teams        --> eastwh/internal/apiserver.(*server).AddUserTeams-fm (5 handlers)
[GIN-debug] GET    /api/v1/user/teams        --> eastwh/internal/apiserver.(*server).GetUserTeams-fm (5 handlers)
[GIN-debug] GET    /api/v1/user/teams/user/  --> eastwh/internal/apiserver.(*server).GetUserTeamsByUserId-fm (5 handlers)
[GIN-debug] GET    /api/v1/user/teams/team/  --> eastwh/internal/apiserver.(*server).GetUserTeamsByTeamId-fm (5 handlers)
[GIN-debug] GET    /api/v1/user/team/        --> eastwh/internal/apiserver.(*server).GetUserTeamById-fm (5 handlers)
[GIN-debug] PUT    /api/v1/user/team/        --> eastwh/internal/apiserver.(*server).UpdateUserTeam-fm (5 handlers)
[GIN-debug] DELETE /api/v1/user/team/        --> eastwh/internal/apiserver.(*server).DeleteUserTeam-fm (5 handlers)
[GIN-debug] POST   /api/v1/users             --> eastwh/internal/apiserver.(*server).AddUser-fm (5 handlers)
[GIN-debug] POST   /api/v1/users/login       --> eastwh/internal/apiserver.(*server).Login-fm (5 handlers)
[GIN-debug] GET    /api/v1/users             --> eastwh/internal/apiserver.(*server).GetUsers-fm (5 handlers)
[GIN-debug] POST   /api/v1/users/password/restore --> eastwh/internal/apiserver.(*server).RestoreUserPassword-fm (5 handlers)
[GIN-debug] POST   /api/v1/employees         --> eastwh/internal/apiserver.(*server).AddEmployee-fm (5 handlers)
[GIN-debug] GET    /api/v1/employees         --> eastwh/internal/apiserver.(*server).GetEmployees-fm (5 handlers)
[GIN-debug] GET    /api/v1/employee/         --> eastwh/internal/apiserver.(*server).GetEmployeeByID-fm (5 handlers)
[GIN-debug] GET    /api/v1/employee/code/    --> eastwh/internal/apiserver.(*server).GetEmployeeByCode-fm (5 handlers)
[GIN-debug] PUT    /api/v1/employee/         --> eastwh/internal/apiserver.(*server).UpdateEmployee-fm (5 handlers)
[GIN-debug] DELETE /api/v1/employee/         --> eastwh/internal/apiserver.(*server).DeleteEmployee-fm (5 handlers)
[GIN-debug] GET    /api/v1/order/            --> eastwh/internal/apiserver.(*server).GetOrderByID-fm (5 handlers)
[GIN-debug] GET    /api/v1/order/uid/        --> eastwh/internal/apiserver.(*server).GetOrderByUID-fm (5 handlers)
[GIN-debug] PUT    /api/v1/order/collector   --> eastwh/internal/apiserver.(*server).UpdateOrderCollector-fm (5 handlers)
[GIN-debug] GET    /api/v1/orders/user/      --> eastwh/internal/apiserver.(*server).GetOrdersByUserId-fm (5 handlers)
[GIN-debug] GET    /api/v1/orders/daterange/ --> eastwh/internal/apiserver.(*server).GerOrderByDateRange-fm (5 handlers)
[GIN-debug] POST   /api/v1/orders            --> eastwh/internal/apiserver.(*server).AddOrders-fm (5 handlers)
[GIN-debug] GET    /api/v1/orders            --> eastwh/internal/apiserver.(*server).GetOrders-fm (5 handlers)
[GIN-debug] GET    /api/v1/team/             --> eastwh/internal/apiserver.(*server).GetTeamByID-fm (5 handlers)
[GIN-debug] PUT    /api/v1/team/update/      --> eastwh/internal/apiserver.(*server).UpdateTeam-fm (5 handlers)
[GIN-debug] DELETE /api/v1/team/delete/      --> eastwh/internal/apiserver.(*server).DeleteTeam-fm (5 handlers)
[GIN-debug] POST   /api/v1/teams             --> eastwh/internal/apiserver.(*server).AddTeams-fm (5 handlers)
[GIN-debug] GET    /api/v1/teams             --> eastwh/internal/apiserver.(*server).GetTeams-fm (5 handlers)
[GIN-debug] GET    /api/v1/project/id/       --> eastwh/internal/apiserver.(*server).GetProjectById-fm (5 handlers)
[GIN-debug] DELETE /api/v1/project/delete/   --> eastwh/internal/apiserver.(*server).DeleteProject-fm (5 handlers)
[GIN-debug] PUT    /api/v1/project/update/   --> eastwh/internal/apiserver.(*server).UpdateProject-fm (5 handlers)
[GIN-debug] POST   /api/v1/projects          --> eastwh/internal/apiserver.(*server).AddProject-fm (5 handlers)
[GIN-debug] GET    /api/v1/projects          --> eastwh/internal/apiserver.(*server).GetProjects-fm (5 handlers)
[GIN-debug] POST   /api/v1/roles             --> eastwh/internal/apiserver.(*server).AddRoles-fm (5 handlers)
[GIN-debug] GET    /api/v1/roles             --> eastwh/internal/apiserver.(*server).GetRoles-fm (5 handlers)
[GIN-debug] GET    /api/v1/role/             --> eastwh/internal/apiserver.(*server).GetRoleByID-fm (5 handlers)
[GIN-debug] PUT    /api/v1/role/             --> eastwh/internal/apiserver.(*server).UpdateRole-fm (5 handlers)
[GIN-debug] DELETE /api/v1/role/             --> eastwh/internal/apiserver.(*server).DeleteRole-fm (5 handlers)
[GIN-debug] [WARNING] You trusted all proxies, this is NOT safe. We recommend you to set a value.
Please check https://pkg.go.dev/github.com/gin-gonic/gin#readme-don-t-trust-all-proxies for details.
[GIN-debug] Listening and serving HTTP on :8091
<<<<<<< HEAD
=======
[GIN] 2024/11/08 - 06:45:00 | 200 |       507.7µs |     172.16.1.11 | GET      "/api/v1/ping"
[GIN] 2024/11/08 - 06:45:02 | 200 |    275.1193ms |     172.16.4.23 | POST     "/api/v1/users/login"
[GIN] 2024/11/08 - 06:46:28 | 200 |    275.9221ms |     172.16.4.23 | POST     "/api/v1/users/login"
[GIN] 2024/11/08 - 06:47:08 | 200 |     241.199ms |     172.16.4.23 | POST     "/api/v1/users/login"
[GIN] 2024/11/08 - 06:48:42 | 200 |     262.349ms |     172.16.4.23 | POST     "/api/v1/users/login"
[GIN] 2024/11/08 - 06:54:20 | 200 |    297.0003ms |     172.16.4.23 | POST     "/api/v1/users/login"
[GIN] 2024/11/08 - 06:57:11 | 200 |    280.8305ms |     172.16.4.23 | POST     "/api/v1/users/login"
[GIN] 2024/11/08 - 06:57:33 | 200 |    241.1028ms |     172.16.4.23 | POST     "/api/v1/users/login"
[GIN] 2024/11/08 - 06:59:26 | 200 |    263.6719ms |     172.16.4.23 | POST     "/api/v1/users/login"
[GIN] 2024/11/08 - 07:02:13 | 200 |    259.5446ms |     172.16.4.23 | POST     "/api/v1/users/login"
[GIN] 2024/11/08 - 07:04:47 | 200 |     261.936ms |     172.16.4.23 | POST     "/api/v1/users/login"
[GIN] 2024/11/08 - 07:05:10 | 200 |    252.4033ms |     172.16.4.23 | POST     "/api/v1/users/login"
[GIN] 2024/11/08 - 07:10:07 | 200 |    415.4792ms |     172.16.4.23 | POST     "/api/v1/users/login"
>>>>>>> 082382f2ae63c044c7b6bc24e3e103352e4d89a8
